                              1 ;--------------------------------------------------------
                              2 ; File Created by SDCC : free open source ANSI-C Compiler
                              3 ; Version 2.9.0 #5416 (Aug 15 2009) (UNIX)
                              4 ; This file was generated Wed Jan 27 18:54:05 2010
                              5 ;--------------------------------------------------------
                              6 	.module gpifwf_isr
                              7 	.optsdcc -mmcs51 --model-small
                              8 	
                              9 ;--------------------------------------------------------
                             10 ; Public variables in this module
                             11 ;--------------------------------------------------------
                             12 	.globl _EIPX6
                             13 	.globl _EIPX5
                             14 	.globl _EIPX4
                             15 	.globl _PI2C
                             16 	.globl _PUSB
                             17 	.globl _EIEX6
                             18 	.globl _EIEX5
                             19 	.globl _EIEX4
                             20 	.globl _EI2C
                             21 	.globl _EUSB
                             22 	.globl _SMOD1
                             23 	.globl _ERESI
                             24 	.globl _RESI
                             25 	.globl _INT6
                             26 	.globl _CY
                             27 	.globl _AC
                             28 	.globl _F0
                             29 	.globl _RS1
                             30 	.globl _RS0
                             31 	.globl _OV
                             32 	.globl _FL
                             33 	.globl _P
                             34 	.globl _TF2
                             35 	.globl _EXF2
                             36 	.globl _RCLK
                             37 	.globl _TCLK
                             38 	.globl _EXEN2
                             39 	.globl _TR2
                             40 	.globl _C_T2
                             41 	.globl _CP_RL2
                             42 	.globl _SM01
                             43 	.globl _SM11
                             44 	.globl _SM21
                             45 	.globl _REN1
                             46 	.globl _TB81
                             47 	.globl _RB81
                             48 	.globl _TI1
                             49 	.globl _RI1
                             50 	.globl _PS1
                             51 	.globl _PT2
                             52 	.globl _PS0
                             53 	.globl _PT1
                             54 	.globl _PX1
                             55 	.globl _PT0
                             56 	.globl _PX0
                             57 	.globl _PD7
                             58 	.globl _PD6
                             59 	.globl _PD5
                             60 	.globl _PD4
                             61 	.globl _PD3
                             62 	.globl _PD2
                             63 	.globl _PD1
                             64 	.globl _PD0
                             65 	.globl _EA
                             66 	.globl _ES1
                             67 	.globl _ET2
                             68 	.globl _ES0
                             69 	.globl _ET1
                             70 	.globl _EX1
                             71 	.globl _ET0
                             72 	.globl _EX0
                             73 	.globl _PC7
                             74 	.globl _PC6
                             75 	.globl _PC5
                             76 	.globl _PC4
                             77 	.globl _PC3
                             78 	.globl _PC2
                             79 	.globl _PC1
                             80 	.globl _PC0
                             81 	.globl _SM0
                             82 	.globl _SM1
                             83 	.globl _SM2
                             84 	.globl _REN
                             85 	.globl _TB8
                             86 	.globl _RB8
                             87 	.globl _TI
                             88 	.globl _RI
                             89 	.globl _PB7
                             90 	.globl _PB6
                             91 	.globl _PB5
                             92 	.globl _PB4
                             93 	.globl _PB3
                             94 	.globl _PB2
                             95 	.globl _PB1
                             96 	.globl _PB0
                             97 	.globl _TF1
                             98 	.globl _TR1
                             99 	.globl _TF0
                            100 	.globl _TR0
                            101 	.globl _IE1
                            102 	.globl _IT1
                            103 	.globl _IE0
                            104 	.globl _IT0
                            105 	.globl _PA7
                            106 	.globl _PA6
                            107 	.globl _PA5
                            108 	.globl _PA4
                            109 	.globl _PA3
                            110 	.globl _PA2
                            111 	.globl _PA1
                            112 	.globl _PA0
                            113 	.globl _EIP
                            114 	.globl _B
                            115 	.globl _EIE
                            116 	.globl _ACC
                            117 	.globl _EICON
                            118 	.globl _PSW
                            119 	.globl _TH2
                            120 	.globl _TL2
                            121 	.globl _RCAP2H
                            122 	.globl _RCAP2L
                            123 	.globl _T2CON
                            124 	.globl _SBUF1
                            125 	.globl _SCON1
                            126 	.globl _GPIFSGLDATLNOX
                            127 	.globl _GPIFSGLDATLX
                            128 	.globl _GPIFSGLDATH
                            129 	.globl _GPIFTRIG
                            130 	.globl _EP01STAT
                            131 	.globl _IP
                            132 	.globl _OEE
                            133 	.globl _OED
                            134 	.globl _OEC
                            135 	.globl _OEB
                            136 	.globl _OEA
                            137 	.globl _IOE
                            138 	.globl _IOD
                            139 	.globl _AUTOPTRSETUP
                            140 	.globl _EP68FIFOFLGS
                            141 	.globl _EP24FIFOFLGS
                            142 	.globl _EP2468STAT
                            143 	.globl _IE
                            144 	.globl _INT4CLR
                            145 	.globl _INT2CLR
                            146 	.globl _IOC
                            147 	.globl _AUTOPTRL2
                            148 	.globl _AUTOPTRH2
                            149 	.globl _AUTOPTRL1
                            150 	.globl _AUTOPTRH1
                            151 	.globl _SBUF0
                            152 	.globl _SCON0
                            153 	.globl __XPAGE
                            154 	.globl _EXIF
                            155 	.globl _IOB
                            156 	.globl _CKCON
                            157 	.globl _TH1
                            158 	.globl _TH0
                            159 	.globl _TL1
                            160 	.globl _TL0
                            161 	.globl _TMOD
                            162 	.globl _TCON
                            163 	.globl _PCON
                            164 	.globl _DPS
                            165 	.globl _DPH1
                            166 	.globl _DPL1
                            167 	.globl _DPH
                            168 	.globl _DPL
                            169 	.globl _SP
                            170 	.globl _IOA
                            171 	.globl _GPCR2
                            172 	.globl _ECC2B2
                            173 	.globl _ECC2B1
                            174 	.globl _ECC2B0
                            175 	.globl _ECC1B2
                            176 	.globl _ECC1B1
                            177 	.globl _ECC1B0
                            178 	.globl _ECCRESET
                            179 	.globl _ECCCFG
                            180 	.globl _EP8FIFOBUF
                            181 	.globl _EP6FIFOBUF
                            182 	.globl _EP4FIFOBUF
                            183 	.globl _EP2FIFOBUF
                            184 	.globl _EP1INBUF
                            185 	.globl _EP1OUTBUF
                            186 	.globl _EP0BUF
                            187 	.globl _UDMACRCQUAL
                            188 	.globl _UDMACRCL
                            189 	.globl _UDMACRCH
                            190 	.globl _GPIFHOLDAMOUNT
                            191 	.globl _FLOWSTBHPERIOD
                            192 	.globl _FLOWSTBEDGE
                            193 	.globl _FLOWSTB
                            194 	.globl _FLOWHOLDOFF
                            195 	.globl _FLOWEQ1CTL
                            196 	.globl _FLOWEQ0CTL
                            197 	.globl _FLOWLOGIC
                            198 	.globl _FLOWSTATE
                            199 	.globl _GPIFABORT
                            200 	.globl _GPIFREADYSTAT
                            201 	.globl _GPIFREADYCFG
                            202 	.globl _XGPIFSGLDATLNOX
                            203 	.globl _XGPIFSGLDATLX
                            204 	.globl _XGPIFSGLDATH
                            205 	.globl _EP8GPIFTRIG
                            206 	.globl _EP8GPIFPFSTOP
                            207 	.globl _EP8GPIFFLGSEL
                            208 	.globl _EP6GPIFTRIG
                            209 	.globl _EP6GPIFPFSTOP
                            210 	.globl _EP6GPIFFLGSEL
                            211 	.globl _EP4GPIFTRIG
                            212 	.globl _EP4GPIFPFSTOP
                            213 	.globl _EP4GPIFFLGSEL
                            214 	.globl _EP2GPIFTRIG
                            215 	.globl _EP2GPIFPFSTOP
                            216 	.globl _EP2GPIFFLGSEL
                            217 	.globl _GPIFTCB0
                            218 	.globl _GPIFTCB1
                            219 	.globl _GPIFTCB2
                            220 	.globl _GPIFTCB3
                            221 	.globl _GPIFADRL
                            222 	.globl _GPIFADRH
                            223 	.globl _GPIFCTLCFG
                            224 	.globl _GPIFIDLECTL
                            225 	.globl _GPIFIDLECS
                            226 	.globl _GPIFWFSELECT
                            227 	.globl _SETUPDAT
                            228 	.globl _SUDPTRCTL
                            229 	.globl _SUDPTRL
                            230 	.globl _SUDPTRH
                            231 	.globl _EP8FIFOBCL
                            232 	.globl _EP8FIFOBCH
                            233 	.globl _EP6FIFOBCL
                            234 	.globl _EP6FIFOBCH
                            235 	.globl _EP4FIFOBCL
                            236 	.globl _EP4FIFOBCH
                            237 	.globl _EP2FIFOBCL
                            238 	.globl _EP2FIFOBCH
                            239 	.globl _EP8FIFOFLGS
                            240 	.globl _EP6FIFOFLGS
                            241 	.globl _EP4FIFOFLGS
                            242 	.globl _EP2FIFOFLGS
                            243 	.globl _EP8CS
                            244 	.globl _EP6CS
                            245 	.globl _EP4CS
                            246 	.globl _EP2CS
                            247 	.globl _EP1INCS
                            248 	.globl _EP1OUTCS
                            249 	.globl _EP0CS
                            250 	.globl _EP8BCL
                            251 	.globl _EP8BCH
                            252 	.globl _EP6BCL
                            253 	.globl _EP6BCH
                            254 	.globl _EP4BCL
                            255 	.globl _EP4BCH
                            256 	.globl _EP2BCL
                            257 	.globl _EP2BCH
                            258 	.globl _EP1INBC
                            259 	.globl _EP1OUTBC
                            260 	.globl _EP0BCL
                            261 	.globl _EP0BCH
                            262 	.globl _FNADDR
                            263 	.globl _MICROFRAME
                            264 	.globl _USBFRAMEL
                            265 	.globl _USBFRAMEH
                            266 	.globl _TOGCTL
                            267 	.globl _WAKEUPCS
                            268 	.globl _SUSPEND
                            269 	.globl _USBCS
                            270 	.globl _XAUTODAT2
                            271 	.globl _XAUTODAT1
                            272 	.globl _I2CTL
                            273 	.globl _I2DAT
                            274 	.globl _I2CS
                            275 	.globl _PORTECFG
                            276 	.globl _PORTCCFG
                            277 	.globl _PORTACFG
                            278 	.globl _INTSETUP
                            279 	.globl _INT4IVEC
                            280 	.globl _INT2IVEC
                            281 	.globl _CLRERRCNT
                            282 	.globl _ERRCNTLIM
                            283 	.globl _USBERRIRQ
                            284 	.globl _USBERRIE
                            285 	.globl _GPIFIRQ
                            286 	.globl _GPIFIE
                            287 	.globl _EPIRQ
                            288 	.globl _EPIE
                            289 	.globl _USBIRQ
                            290 	.globl _USBIE
                            291 	.globl _NAKIRQ
                            292 	.globl _NAKIE
                            293 	.globl _IBNIRQ
                            294 	.globl _IBNIE
                            295 	.globl _EP8FIFOIRQ
                            296 	.globl _EP8FIFOIE
                            297 	.globl _EP6FIFOIRQ
                            298 	.globl _EP6FIFOIE
                            299 	.globl _EP4FIFOIRQ
                            300 	.globl _EP4FIFOIE
                            301 	.globl _EP2FIFOIRQ
                            302 	.globl _EP2FIFOIE
                            303 	.globl _OUTPKTEND
                            304 	.globl _INPKTEND
                            305 	.globl _EP8ISOINPKTS
                            306 	.globl _EP6ISOINPKTS
                            307 	.globl _EP4ISOINPKTS
                            308 	.globl _EP2ISOINPKTS
                            309 	.globl _EP8FIFOPFL
                            310 	.globl _EP8FIFOPFH
                            311 	.globl _EP6FIFOPFL
                            312 	.globl _EP6FIFOPFH
                            313 	.globl _EP4FIFOPFL
                            314 	.globl _EP4FIFOPFH
                            315 	.globl _EP2FIFOPFL
                            316 	.globl _EP2FIFOPFH
                            317 	.globl _EP8AUTOINLENL
                            318 	.globl _EP8AUTOINLENH
                            319 	.globl _EP6AUTOINLENL
                            320 	.globl _EP6AUTOINLENH
                            321 	.globl _EP4AUTOINLENL
                            322 	.globl _EP4AUTOINLENH
                            323 	.globl _EP2AUTOINLENL
                            324 	.globl _EP2AUTOINLENH
                            325 	.globl _EP8FIFOCFG
                            326 	.globl _EP6FIFOCFG
                            327 	.globl _EP4FIFOCFG
                            328 	.globl _EP2FIFOCFG
                            329 	.globl _EP8CFG
                            330 	.globl _EP6CFG
                            331 	.globl _EP4CFG
                            332 	.globl _EP2CFG
                            333 	.globl _EP1INCFG
                            334 	.globl _EP1OUTCFG
                            335 	.globl _REVCTL
                            336 	.globl _REVID
                            337 	.globl _FIFOPINPOLAR
                            338 	.globl _UART230
                            339 	.globl _BPADDRL
                            340 	.globl _BPADDRH
                            341 	.globl _BREAKPT
                            342 	.globl _FIFORESET
                            343 	.globl _PINFLAGSCD
                            344 	.globl _PINFLAGSAB
                            345 	.globl _IFCONFIG
                            346 	.globl _CPUCS
                            347 	.globl _RES_WAVEDATA_END
                            348 	.globl _GPIF_WAVE_DATA
                            349 	.globl _gpifwf_isr
                            350 ;--------------------------------------------------------
                            351 ; special function registers
                            352 ;--------------------------------------------------------
                            353 	.area RSEG    (DATA)
                    0080    354 _IOA	=	0x0080
                    0081    355 _SP	=	0x0081
                    0082    356 _DPL	=	0x0082
                    0083    357 _DPH	=	0x0083
                    0084    358 _DPL1	=	0x0084
                    0085    359 _DPH1	=	0x0085
                    0086    360 _DPS	=	0x0086
                    0087    361 _PCON	=	0x0087
                    0088    362 _TCON	=	0x0088
                    0089    363 _TMOD	=	0x0089
                    008A    364 _TL0	=	0x008a
                    008B    365 _TL1	=	0x008b
                    008C    366 _TH0	=	0x008c
                    008D    367 _TH1	=	0x008d
                    008E    368 _CKCON	=	0x008e
                    0090    369 _IOB	=	0x0090
                    0091    370 _EXIF	=	0x0091
                    0092    371 __XPAGE	=	0x0092
                    0098    372 _SCON0	=	0x0098
                    0099    373 _SBUF0	=	0x0099
                    009A    374 _AUTOPTRH1	=	0x009a
                    009B    375 _AUTOPTRL1	=	0x009b
                    009D    376 _AUTOPTRH2	=	0x009d
                    009E    377 _AUTOPTRL2	=	0x009e
                    00A0    378 _IOC	=	0x00a0
                    00A1    379 _INT2CLR	=	0x00a1
                    00A2    380 _INT4CLR	=	0x00a2
                    00A8    381 _IE	=	0x00a8
                    00AA    382 _EP2468STAT	=	0x00aa
                    00AB    383 _EP24FIFOFLGS	=	0x00ab
                    00AC    384 _EP68FIFOFLGS	=	0x00ac
                    00AF    385 _AUTOPTRSETUP	=	0x00af
                    00B0    386 _IOD	=	0x00b0
                    00B1    387 _IOE	=	0x00b1
                    00B2    388 _OEA	=	0x00b2
                    00B3    389 _OEB	=	0x00b3
                    00B4    390 _OEC	=	0x00b4
                    00B5    391 _OED	=	0x00b5
                    00B6    392 _OEE	=	0x00b6
                    00B8    393 _IP	=	0x00b8
                    00BA    394 _EP01STAT	=	0x00ba
                    00BB    395 _GPIFTRIG	=	0x00bb
                    00BD    396 _GPIFSGLDATH	=	0x00bd
                    00BE    397 _GPIFSGLDATLX	=	0x00be
                    00BF    398 _GPIFSGLDATLNOX	=	0x00bf
                    00C0    399 _SCON1	=	0x00c0
                    00C1    400 _SBUF1	=	0x00c1
                    00C8    401 _T2CON	=	0x00c8
                    00CA    402 _RCAP2L	=	0x00ca
                    00CB    403 _RCAP2H	=	0x00cb
                    00CC    404 _TL2	=	0x00cc
                    00CD    405 _TH2	=	0x00cd
                    00D0    406 _PSW	=	0x00d0
                    00D8    407 _EICON	=	0x00d8
                    00E0    408 _ACC	=	0x00e0
                    00E8    409 _EIE	=	0x00e8
                    00F0    410 _B	=	0x00f0
                    00F8    411 _EIP	=	0x00f8
                            412 ;--------------------------------------------------------
                            413 ; special function bits
                            414 ;--------------------------------------------------------
                            415 	.area RSEG    (DATA)
                    0080    416 _PA0	=	0x0080
                    0081    417 _PA1	=	0x0081
                    0082    418 _PA2	=	0x0082
                    0083    419 _PA3	=	0x0083
                    0084    420 _PA4	=	0x0084
                    0085    421 _PA5	=	0x0085
                    0086    422 _PA6	=	0x0086
                    0087    423 _PA7	=	0x0087
                    0088    424 _IT0	=	0x0088
                    0089    425 _IE0	=	0x0089
                    008A    426 _IT1	=	0x008a
                    008B    427 _IE1	=	0x008b
                    008C    428 _TR0	=	0x008c
                    008D    429 _TF0	=	0x008d
                    008E    430 _TR1	=	0x008e
                    008F    431 _TF1	=	0x008f
                    0090    432 _PB0	=	0x0090
                    0091    433 _PB1	=	0x0091
                    0092    434 _PB2	=	0x0092
                    0093    435 _PB3	=	0x0093
                    0094    436 _PB4	=	0x0094
                    0095    437 _PB5	=	0x0095
                    0096    438 _PB6	=	0x0096
                    0097    439 _PB7	=	0x0097
                    0098    440 _RI	=	0x0098
                    0099    441 _TI	=	0x0099
                    009A    442 _RB8	=	0x009a
                    009B    443 _TB8	=	0x009b
                    009C    444 _REN	=	0x009c
                    009D    445 _SM2	=	0x009d
                    009E    446 _SM1	=	0x009e
                    009F    447 _SM0	=	0x009f
                    00A0    448 _PC0	=	0x00a0
                    00A1    449 _PC1	=	0x00a1
                    00A2    450 _PC2	=	0x00a2
                    00A3    451 _PC3	=	0x00a3
                    00A4    452 _PC4	=	0x00a4
                    00A5    453 _PC5	=	0x00a5
                    00A6    454 _PC6	=	0x00a6
                    00A7    455 _PC7	=	0x00a7
                    00A8    456 _EX0	=	0x00a8
                    00A9    457 _ET0	=	0x00a9
                    00AA    458 _EX1	=	0x00aa
                    00AB    459 _ET1	=	0x00ab
                    00AC    460 _ES0	=	0x00ac
                    00AD    461 _ET2	=	0x00ad
                    00AE    462 _ES1	=	0x00ae
                    00AF    463 _EA	=	0x00af
                    00B0    464 _PD0	=	0x00b0
                    00B1    465 _PD1	=	0x00b1
                    00B2    466 _PD2	=	0x00b2
                    00B3    467 _PD3	=	0x00b3
                    00B4    468 _PD4	=	0x00b4
                    00B5    469 _PD5	=	0x00b5
                    00B6    470 _PD6	=	0x00b6
                    00B7    471 _PD7	=	0x00b7
                    00B8    472 _PX0	=	0x00b8
                    00B9    473 _PT0	=	0x00b9
                    00BA    474 _PX1	=	0x00ba
                    00BB    475 _PT1	=	0x00bb
                    00BC    476 _PS0	=	0x00bc
                    00BD    477 _PT2	=	0x00bd
                    00BE    478 _PS1	=	0x00be
                    00C0    479 _RI1	=	0x00c0
                    00C1    480 _TI1	=	0x00c1
                    00C2    481 _RB81	=	0x00c2
                    00C3    482 _TB81	=	0x00c3
                    00C4    483 _REN1	=	0x00c4
                    00C5    484 _SM21	=	0x00c5
                    00C6    485 _SM11	=	0x00c6
                    00C7    486 _SM01	=	0x00c7
                    00C8    487 _CP_RL2	=	0x00c8
                    00C9    488 _C_T2	=	0x00c9
                    00CA    489 _TR2	=	0x00ca
                    00CB    490 _EXEN2	=	0x00cb
                    00CC    491 _TCLK	=	0x00cc
                    00CD    492 _RCLK	=	0x00cd
                    00CE    493 _EXF2	=	0x00ce
                    00CF    494 _TF2	=	0x00cf
                    00D0    495 _P	=	0x00d0
                    00D1    496 _FL	=	0x00d1
                    00D2    497 _OV	=	0x00d2
                    00D3    498 _RS0	=	0x00d3
                    00D4    499 _RS1	=	0x00d4
                    00D5    500 _F0	=	0x00d5
                    00D6    501 _AC	=	0x00d6
                    00D7    502 _CY	=	0x00d7
                    00DB    503 _INT6	=	0x00db
                    00DC    504 _RESI	=	0x00dc
                    00DD    505 _ERESI	=	0x00dd
                    00DF    506 _SMOD1	=	0x00df
                    00E8    507 _EUSB	=	0x00e8
                    00E9    508 _EI2C	=	0x00e9
                    00EA    509 _EIEX4	=	0x00ea
                    00EB    510 _EIEX5	=	0x00eb
                    00EC    511 _EIEX6	=	0x00ec
                    00F8    512 _PUSB	=	0x00f8
                    00F9    513 _PI2C	=	0x00f9
                    00FA    514 _EIPX4	=	0x00fa
                    00FB    515 _EIPX5	=	0x00fb
                    00FC    516 _EIPX6	=	0x00fc
                            517 ;--------------------------------------------------------
                            518 ; overlayable register banks
                            519 ;--------------------------------------------------------
                            520 	.area REG_BANK_0	(REL,OVR,DATA)
   0000                     521 	.ds 8
                            522 ;--------------------------------------------------------
                            523 ; internal ram data
                            524 ;--------------------------------------------------------
                            525 	.area DSEG    (DATA)
                            526 ;--------------------------------------------------------
                            527 ; overlayable items in internal ram 
                            528 ;--------------------------------------------------------
                            529 	.area OSEG    (OVR,DATA)
                            530 ;--------------------------------------------------------
                            531 ; indirectly addressable internal ram data
                            532 ;--------------------------------------------------------
                            533 	.area ISEG    (DATA)
                            534 ;--------------------------------------------------------
                            535 ; absolute internal ram data
                            536 ;--------------------------------------------------------
                            537 	.area IABS    (ABS,DATA)
                            538 	.area IABS    (ABS,DATA)
                            539 ;--------------------------------------------------------
                            540 ; bit data
                            541 ;--------------------------------------------------------
                            542 	.area BSEG    (BIT)
                            543 ;--------------------------------------------------------
                            544 ; paged external ram data
                            545 ;--------------------------------------------------------
                            546 	.area PSEG    (PAG,XDATA)
                            547 ;--------------------------------------------------------
                            548 ; external ram data
                            549 ;--------------------------------------------------------
                            550 	.area XSEG    (XDATA)
                    E400    551 _GPIF_WAVE_DATA	=	0xe400
                    E480    552 _RES_WAVEDATA_END	=	0xe480
                    E600    553 _CPUCS	=	0xe600
                    E601    554 _IFCONFIG	=	0xe601
                    E602    555 _PINFLAGSAB	=	0xe602
                    E603    556 _PINFLAGSCD	=	0xe603
                    E604    557 _FIFORESET	=	0xe604
                    E605    558 _BREAKPT	=	0xe605
                    E606    559 _BPADDRH	=	0xe606
                    E607    560 _BPADDRL	=	0xe607
                    E608    561 _UART230	=	0xe608
                    E609    562 _FIFOPINPOLAR	=	0xe609
                    E60A    563 _REVID	=	0xe60a
                    E60B    564 _REVCTL	=	0xe60b
                    E610    565 _EP1OUTCFG	=	0xe610
                    E611    566 _EP1INCFG	=	0xe611
                    E612    567 _EP2CFG	=	0xe612
                    E613    568 _EP4CFG	=	0xe613
                    E614    569 _EP6CFG	=	0xe614
                    E615    570 _EP8CFG	=	0xe615
                    E618    571 _EP2FIFOCFG	=	0xe618
                    E619    572 _EP4FIFOCFG	=	0xe619
                    E61A    573 _EP6FIFOCFG	=	0xe61a
                    E61B    574 _EP8FIFOCFG	=	0xe61b
                    E620    575 _EP2AUTOINLENH	=	0xe620
                    E621    576 _EP2AUTOINLENL	=	0xe621
                    E622    577 _EP4AUTOINLENH	=	0xe622
                    E623    578 _EP4AUTOINLENL	=	0xe623
                    E624    579 _EP6AUTOINLENH	=	0xe624
                    E625    580 _EP6AUTOINLENL	=	0xe625
                    E626    581 _EP8AUTOINLENH	=	0xe626
                    E627    582 _EP8AUTOINLENL	=	0xe627
                    E630    583 _EP2FIFOPFH	=	0xe630
                    E631    584 _EP2FIFOPFL	=	0xe631
                    E632    585 _EP4FIFOPFH	=	0xe632
                    E633    586 _EP4FIFOPFL	=	0xe633
                    E634    587 _EP6FIFOPFH	=	0xe634
                    E635    588 _EP6FIFOPFL	=	0xe635
                    E636    589 _EP8FIFOPFH	=	0xe636
                    E637    590 _EP8FIFOPFL	=	0xe637
                    E640    591 _EP2ISOINPKTS	=	0xe640
                    E641    592 _EP4ISOINPKTS	=	0xe641
                    E642    593 _EP6ISOINPKTS	=	0xe642
                    E643    594 _EP8ISOINPKTS	=	0xe643
                    E648    595 _INPKTEND	=	0xe648
                    E649    596 _OUTPKTEND	=	0xe649
                    E650    597 _EP2FIFOIE	=	0xe650
                    E651    598 _EP2FIFOIRQ	=	0xe651
                    E652    599 _EP4FIFOIE	=	0xe652
                    E653    600 _EP4FIFOIRQ	=	0xe653
                    E654    601 _EP6FIFOIE	=	0xe654
                    E655    602 _EP6FIFOIRQ	=	0xe655
                    E656    603 _EP8FIFOIE	=	0xe656
                    E657    604 _EP8FIFOIRQ	=	0xe657
                    E658    605 _IBNIE	=	0xe658
                    E659    606 _IBNIRQ	=	0xe659
                    E65A    607 _NAKIE	=	0xe65a
                    E65B    608 _NAKIRQ	=	0xe65b
                    E65C    609 _USBIE	=	0xe65c
                    E65D    610 _USBIRQ	=	0xe65d
                    E65E    611 _EPIE	=	0xe65e
                    E65F    612 _EPIRQ	=	0xe65f
                    E660    613 _GPIFIE	=	0xe660
                    E661    614 _GPIFIRQ	=	0xe661
                    E662    615 _USBERRIE	=	0xe662
                    E663    616 _USBERRIRQ	=	0xe663
                    E664    617 _ERRCNTLIM	=	0xe664
                    E665    618 _CLRERRCNT	=	0xe665
                    E666    619 _INT2IVEC	=	0xe666
                    E667    620 _INT4IVEC	=	0xe667
                    E668    621 _INTSETUP	=	0xe668
                    E670    622 _PORTACFG	=	0xe670
                    E671    623 _PORTCCFG	=	0xe671
                    E672    624 _PORTECFG	=	0xe672
                    E678    625 _I2CS	=	0xe678
                    E679    626 _I2DAT	=	0xe679
                    E67A    627 _I2CTL	=	0xe67a
                    E67B    628 _XAUTODAT1	=	0xe67b
                    E67C    629 _XAUTODAT2	=	0xe67c
                    E680    630 _USBCS	=	0xe680
                    E681    631 _SUSPEND	=	0xe681
                    E682    632 _WAKEUPCS	=	0xe682
                    E683    633 _TOGCTL	=	0xe683
                    E684    634 _USBFRAMEH	=	0xe684
                    E685    635 _USBFRAMEL	=	0xe685
                    E686    636 _MICROFRAME	=	0xe686
                    E687    637 _FNADDR	=	0xe687
                    E68A    638 _EP0BCH	=	0xe68a
                    E68B    639 _EP0BCL	=	0xe68b
                    E68D    640 _EP1OUTBC	=	0xe68d
                    E68F    641 _EP1INBC	=	0xe68f
                    E690    642 _EP2BCH	=	0xe690
                    E691    643 _EP2BCL	=	0xe691
                    E694    644 _EP4BCH	=	0xe694
                    E695    645 _EP4BCL	=	0xe695
                    E698    646 _EP6BCH	=	0xe698
                    E699    647 _EP6BCL	=	0xe699
                    E69C    648 _EP8BCH	=	0xe69c
                    E69D    649 _EP8BCL	=	0xe69d
                    E6A0    650 _EP0CS	=	0xe6a0
                    E6A1    651 _EP1OUTCS	=	0xe6a1
                    E6A2    652 _EP1INCS	=	0xe6a2
                    E6A3    653 _EP2CS	=	0xe6a3
                    E6A4    654 _EP4CS	=	0xe6a4
                    E6A5    655 _EP6CS	=	0xe6a5
                    E6A6    656 _EP8CS	=	0xe6a6
                    E6A7    657 _EP2FIFOFLGS	=	0xe6a7
                    E6A8    658 _EP4FIFOFLGS	=	0xe6a8
                    E6A9    659 _EP6FIFOFLGS	=	0xe6a9
                    E6AA    660 _EP8FIFOFLGS	=	0xe6aa
                    E6AB    661 _EP2FIFOBCH	=	0xe6ab
                    E6AC    662 _EP2FIFOBCL	=	0xe6ac
                    E6AD    663 _EP4FIFOBCH	=	0xe6ad
                    E6AE    664 _EP4FIFOBCL	=	0xe6ae
                    E6AF    665 _EP6FIFOBCH	=	0xe6af
                    E6B0    666 _EP6FIFOBCL	=	0xe6b0
                    E6B1    667 _EP8FIFOBCH	=	0xe6b1
                    E6B2    668 _EP8FIFOBCL	=	0xe6b2
                    E6B3    669 _SUDPTRH	=	0xe6b3
                    E6B4    670 _SUDPTRL	=	0xe6b4
                    E6B5    671 _SUDPTRCTL	=	0xe6b5
                    E6B8    672 _SETUPDAT	=	0xe6b8
                    E6C0    673 _GPIFWFSELECT	=	0xe6c0
                    E6C1    674 _GPIFIDLECS	=	0xe6c1
                    E6C2    675 _GPIFIDLECTL	=	0xe6c2
                    E6C3    676 _GPIFCTLCFG	=	0xe6c3
                    E6C4    677 _GPIFADRH	=	0xe6c4
                    E6C5    678 _GPIFADRL	=	0xe6c5
                    E6CE    679 _GPIFTCB3	=	0xe6ce
                    E6CF    680 _GPIFTCB2	=	0xe6cf
                    E6D0    681 _GPIFTCB1	=	0xe6d0
                    E6D1    682 _GPIFTCB0	=	0xe6d1
                    E6D2    683 _EP2GPIFFLGSEL	=	0xe6d2
                    E6D3    684 _EP2GPIFPFSTOP	=	0xe6d3
                    E6D4    685 _EP2GPIFTRIG	=	0xe6d4
                    E6DA    686 _EP4GPIFFLGSEL	=	0xe6da
                    E6DB    687 _EP4GPIFPFSTOP	=	0xe6db
                    E6DC    688 _EP4GPIFTRIG	=	0xe6dc
                    E6E2    689 _EP6GPIFFLGSEL	=	0xe6e2
                    E6E3    690 _EP6GPIFPFSTOP	=	0xe6e3
                    E6E4    691 _EP6GPIFTRIG	=	0xe6e4
                    E6EA    692 _EP8GPIFFLGSEL	=	0xe6ea
                    E6EB    693 _EP8GPIFPFSTOP	=	0xe6eb
                    E6EC    694 _EP8GPIFTRIG	=	0xe6ec
                    E6F0    695 _XGPIFSGLDATH	=	0xe6f0
                    E6F1    696 _XGPIFSGLDATLX	=	0xe6f1
                    E6F2    697 _XGPIFSGLDATLNOX	=	0xe6f2
                    E6F3    698 _GPIFREADYCFG	=	0xe6f3
                    E6F4    699 _GPIFREADYSTAT	=	0xe6f4
                    E6F5    700 _GPIFABORT	=	0xe6f5
                    E6C6    701 _FLOWSTATE	=	0xe6c6
                    E6C7    702 _FLOWLOGIC	=	0xe6c7
                    E6C8    703 _FLOWEQ0CTL	=	0xe6c8
                    E6C9    704 _FLOWEQ1CTL	=	0xe6c9
                    E6CA    705 _FLOWHOLDOFF	=	0xe6ca
                    E6CB    706 _FLOWSTB	=	0xe6cb
                    E6CC    707 _FLOWSTBEDGE	=	0xe6cc
                    E6CD    708 _FLOWSTBHPERIOD	=	0xe6cd
                    E60C    709 _GPIFHOLDAMOUNT	=	0xe60c
                    E67D    710 _UDMACRCH	=	0xe67d
                    E67E    711 _UDMACRCL	=	0xe67e
                    E67F    712 _UDMACRCQUAL	=	0xe67f
                    E740    713 _EP0BUF	=	0xe740
                    E780    714 _EP1OUTBUF	=	0xe780
                    E7C0    715 _EP1INBUF	=	0xe7c0
                    F000    716 _EP2FIFOBUF	=	0xf000
                    F400    717 _EP4FIFOBUF	=	0xf400
                    F800    718 _EP6FIFOBUF	=	0xf800
                    FC00    719 _EP8FIFOBUF	=	0xfc00
                    E628    720 _ECCCFG	=	0xe628
                    E629    721 _ECCRESET	=	0xe629
                    E62A    722 _ECC1B0	=	0xe62a
                    E62B    723 _ECC1B1	=	0xe62b
                    E62C    724 _ECC1B2	=	0xe62c
                    E62D    725 _ECC2B0	=	0xe62d
                    E62E    726 _ECC2B1	=	0xe62e
                    E62F    727 _ECC2B2	=	0xe62f
                    E50D    728 _GPCR2	=	0xe50d
                            729 ;--------------------------------------------------------
                            730 ; absolute external ram data
                            731 ;--------------------------------------------------------
                            732 	.area XABS    (ABS,XDATA)
                            733 ;--------------------------------------------------------
                            734 ; external initialized ram data
                            735 ;--------------------------------------------------------
                            736 	.area XISEG   (XDATA)
                            737 	.area HOME    (CODE)
                            738 	.area GSINIT0 (CODE)
                            739 	.area GSINIT1 (CODE)
                            740 	.area GSINIT2 (CODE)
                            741 	.area GSINIT3 (CODE)
                            742 	.area GSINIT4 (CODE)
                            743 	.area GSINIT5 (CODE)
                            744 	.area GSINIT  (CODE)
                            745 	.area GSFINAL (CODE)
                            746 	.area CSEG    (CODE)
                            747 ;--------------------------------------------------------
                            748 ; global & static initialisations
                            749 ;--------------------------------------------------------
                            750 	.area HOME    (CODE)
                            751 	.area GSINIT  (CODE)
                            752 	.area GSFINAL (CODE)
                            753 	.area GSINIT  (CODE)
                            754 ;--------------------------------------------------------
                            755 ; Home
                            756 ;--------------------------------------------------------
                            757 	.area HOME    (CODE)
                            758 	.area HOME    (CODE)
                            759 ;--------------------------------------------------------
                            760 ; code
                            761 ;--------------------------------------------------------
                            762 	.area CSEG    (CODE)
                            763 ;------------------------------------------------------------
                            764 ;Allocation info for local variables in function 'gpifwf_isr'
                            765 ;------------------------------------------------------------
                            766 ;------------------------------------------------------------
                            767 ;	interrupts/gpifwf_isr.c:21: void gpifwf_isr() interrupt GPIFWF_ISR{}
                            768 ;	-----------------------------------------
                            769 ;	 function gpifwf_isr
                            770 ;	-----------------------------------------
   0000                     771 _gpifwf_isr:
                    0002    772 	ar2 = 0x02
                    0003    773 	ar3 = 0x03
                    0004    774 	ar4 = 0x04
                    0005    775 	ar5 = 0x05
                    0006    776 	ar6 = 0x06
                    0007    777 	ar7 = 0x07
                    0000    778 	ar0 = 0x00
                    0001    779 	ar1 = 0x01
   0000 32                  780 	reti
                            781 ;	eliminated unneeded push/pop psw
                            782 ;	eliminated unneeded push/pop dpl
                            783 ;	eliminated unneeded push/pop dph
                            784 ;	eliminated unneeded push/pop b
                            785 ;	eliminated unneeded push/pop acc
                            786 	.area CSEG    (CODE)
                            787 	.area CONST   (CODE)
                            788 	.area XINIT   (CODE)
                            789 	.area CABS    (ABS,CODE)
