                              1 ;--------------------------------------------------------
                              2 ; File Created by SDCC : free open source ANSI-C Compiler
                              3 ; Version 2.9.0 #5416 (Feb  3 2010) (UNIX)
                              4 ; This file was generated Thu Feb 28 13:14:42 2013
                              5 ;--------------------------------------------------------
                              6 	.module eputils
                              7 	.optsdcc -mmcs51 --model-small
                              8 	
                              9 ;--------------------------------------------------------
                             10 ; Public variables in this module
                             11 ;--------------------------------------------------------
                             12 	.globl _writeep0_PARM_2
                             13 	.globl _readep0_PARM_2
                             14 	.globl _EIPX6
                             15 	.globl _EIPX5
                             16 	.globl _EIPX4
                             17 	.globl _PI2C
                             18 	.globl _PUSB
                             19 	.globl _EIEX6
                             20 	.globl _EIEX5
                             21 	.globl _EIEX4
                             22 	.globl _EI2C
                             23 	.globl _EUSB
                             24 	.globl _SMOD1
                             25 	.globl _ERESI
                             26 	.globl _RESI
                             27 	.globl _INT6
                             28 	.globl _CY
                             29 	.globl _AC
                             30 	.globl _F0
                             31 	.globl _RS1
                             32 	.globl _RS0
                             33 	.globl _OV
                             34 	.globl _FL
                             35 	.globl _P
                             36 	.globl _TF2
                             37 	.globl _EXF2
                             38 	.globl _RCLK
                             39 	.globl _TCLK
                             40 	.globl _EXEN2
                             41 	.globl _TR2
                             42 	.globl _C_T2
                             43 	.globl _CP_RL2
                             44 	.globl _SM01
                             45 	.globl _SM11
                             46 	.globl _SM21
                             47 	.globl _REN1
                             48 	.globl _TB81
                             49 	.globl _RB81
                             50 	.globl _TI1
                             51 	.globl _RI1
                             52 	.globl _PS1
                             53 	.globl _PT2
                             54 	.globl _PS0
                             55 	.globl _PT1
                             56 	.globl _PX1
                             57 	.globl _PT0
                             58 	.globl _PX0
                             59 	.globl _PD7
                             60 	.globl _PD6
                             61 	.globl _PD5
                             62 	.globl _PD4
                             63 	.globl _PD3
                             64 	.globl _PD2
                             65 	.globl _PD1
                             66 	.globl _PD0
                             67 	.globl _EA
                             68 	.globl _ES1
                             69 	.globl _ET2
                             70 	.globl _ES0
                             71 	.globl _ET1
                             72 	.globl _EX1
                             73 	.globl _ET0
                             74 	.globl _EX0
                             75 	.globl _PC7
                             76 	.globl _PC6
                             77 	.globl _PC5
                             78 	.globl _PC4
                             79 	.globl _PC3
                             80 	.globl _PC2
                             81 	.globl _PC1
                             82 	.globl _PC0
                             83 	.globl _SM0
                             84 	.globl _SM1
                             85 	.globl _SM2
                             86 	.globl _REN
                             87 	.globl _TB8
                             88 	.globl _RB8
                             89 	.globl _TI
                             90 	.globl _RI
                             91 	.globl _PB7
                             92 	.globl _PB6
                             93 	.globl _PB5
                             94 	.globl _PB4
                             95 	.globl _PB3
                             96 	.globl _PB2
                             97 	.globl _PB1
                             98 	.globl _PB0
                             99 	.globl _TF1
                            100 	.globl _TR1
                            101 	.globl _TF0
                            102 	.globl _TR0
                            103 	.globl _IE1
                            104 	.globl _IT1
                            105 	.globl _IE0
                            106 	.globl _IT0
                            107 	.globl _PA7
                            108 	.globl _PA6
                            109 	.globl _PA5
                            110 	.globl _PA4
                            111 	.globl _PA3
                            112 	.globl _PA2
                            113 	.globl _PA1
                            114 	.globl _PA0
                            115 	.globl _EIP
                            116 	.globl _B
                            117 	.globl _EIE
                            118 	.globl _ACC
                            119 	.globl _EICON
                            120 	.globl _PSW
                            121 	.globl _TH2
                            122 	.globl _TL2
                            123 	.globl _RCAP2H
                            124 	.globl _RCAP2L
                            125 	.globl _T2CON
                            126 	.globl _SBUF1
                            127 	.globl _SCON1
                            128 	.globl _GPIFSGLDATLNOX
                            129 	.globl _GPIFSGLDATLX
                            130 	.globl _GPIFSGLDATH
                            131 	.globl _GPIFTRIG
                            132 	.globl _EP01STAT
                            133 	.globl _IP
                            134 	.globl _OEE
                            135 	.globl _OED
                            136 	.globl _OEC
                            137 	.globl _OEB
                            138 	.globl _OEA
                            139 	.globl _IOE
                            140 	.globl _IOD
                            141 	.globl _AUTOPTRSETUP
                            142 	.globl _EP68FIFOFLGS
                            143 	.globl _EP24FIFOFLGS
                            144 	.globl _EP2468STAT
                            145 	.globl _IE
                            146 	.globl _INT4CLR
                            147 	.globl _INT2CLR
                            148 	.globl _IOC
                            149 	.globl _AUTOPTRL2
                            150 	.globl _AUTOPTRH2
                            151 	.globl _AUTOPTRL1
                            152 	.globl _AUTOPTRH1
                            153 	.globl _SBUF0
                            154 	.globl _SCON0
                            155 	.globl __XPAGE
                            156 	.globl _EXIF
                            157 	.globl _IOB
                            158 	.globl _CKCON
                            159 	.globl _TH1
                            160 	.globl _TH0
                            161 	.globl _TL1
                            162 	.globl _TL0
                            163 	.globl _TMOD
                            164 	.globl _TCON
                            165 	.globl _PCON
                            166 	.globl _DPS
                            167 	.globl _DPH1
                            168 	.globl _DPL1
                            169 	.globl _DPH
                            170 	.globl _DPL
                            171 	.globl _SP
                            172 	.globl _IOA
                            173 	.globl _GPCR2
                            174 	.globl _ECC2B2
                            175 	.globl _ECC2B1
                            176 	.globl _ECC2B0
                            177 	.globl _ECC1B2
                            178 	.globl _ECC1B1
                            179 	.globl _ECC1B0
                            180 	.globl _ECCRESET
                            181 	.globl _ECCCFG
                            182 	.globl _EP8FIFOBUF
                            183 	.globl _EP6FIFOBUF
                            184 	.globl _EP4FIFOBUF
                            185 	.globl _EP2FIFOBUF
                            186 	.globl _EP1INBUF
                            187 	.globl _EP1OUTBUF
                            188 	.globl _EP0BUF
                            189 	.globl _UDMACRCQUAL
                            190 	.globl _UDMACRCL
                            191 	.globl _UDMACRCH
                            192 	.globl _GPIFHOLDAMOUNT
                            193 	.globl _FLOWSTBHPERIOD
                            194 	.globl _FLOWSTBEDGE
                            195 	.globl _FLOWSTB
                            196 	.globl _FLOWHOLDOFF
                            197 	.globl _FLOWEQ1CTL
                            198 	.globl _FLOWEQ0CTL
                            199 	.globl _FLOWLOGIC
                            200 	.globl _FLOWSTATE
                            201 	.globl _GPIFABORT
                            202 	.globl _GPIFREADYSTAT
                            203 	.globl _GPIFREADYCFG
                            204 	.globl _XGPIFSGLDATLNOX
                            205 	.globl _XGPIFSGLDATLX
                            206 	.globl _XGPIFSGLDATH
                            207 	.globl _EP8GPIFTRIG
                            208 	.globl _EP8GPIFPFSTOP
                            209 	.globl _EP8GPIFFLGSEL
                            210 	.globl _EP6GPIFTRIG
                            211 	.globl _EP6GPIFPFSTOP
                            212 	.globl _EP6GPIFFLGSEL
                            213 	.globl _EP4GPIFTRIG
                            214 	.globl _EP4GPIFPFSTOP
                            215 	.globl _EP4GPIFFLGSEL
                            216 	.globl _EP2GPIFTRIG
                            217 	.globl _EP2GPIFPFSTOP
                            218 	.globl _EP2GPIFFLGSEL
                            219 	.globl _GPIFTCB0
                            220 	.globl _GPIFTCB1
                            221 	.globl _GPIFTCB2
                            222 	.globl _GPIFTCB3
                            223 	.globl _GPIFADRL
                            224 	.globl _GPIFADRH
                            225 	.globl _GPIFCTLCFG
                            226 	.globl _GPIFIDLECTL
                            227 	.globl _GPIFIDLECS
                            228 	.globl _GPIFWFSELECT
                            229 	.globl _SETUPDAT
                            230 	.globl _SUDPTRCTL
                            231 	.globl _SUDPTRL
                            232 	.globl _SUDPTRH
                            233 	.globl _EP8FIFOBCL
                            234 	.globl _EP8FIFOBCH
                            235 	.globl _EP6FIFOBCL
                            236 	.globl _EP6FIFOBCH
                            237 	.globl _EP4FIFOBCL
                            238 	.globl _EP4FIFOBCH
                            239 	.globl _EP2FIFOBCL
                            240 	.globl _EP2FIFOBCH
                            241 	.globl _EP8FIFOFLGS
                            242 	.globl _EP6FIFOFLGS
                            243 	.globl _EP4FIFOFLGS
                            244 	.globl _EP2FIFOFLGS
                            245 	.globl _EP8CS
                            246 	.globl _EP6CS
                            247 	.globl _EP4CS
                            248 	.globl _EP2CS
                            249 	.globl _EP1INCS
                            250 	.globl _EP1OUTCS
                            251 	.globl _EP0CS
                            252 	.globl _EP8BCL
                            253 	.globl _EP8BCH
                            254 	.globl _EP6BCL
                            255 	.globl _EP6BCH
                            256 	.globl _EP4BCL
                            257 	.globl _EP4BCH
                            258 	.globl _EP2BCL
                            259 	.globl _EP2BCH
                            260 	.globl _EP1INBC
                            261 	.globl _EP1OUTBC
                            262 	.globl _EP0BCL
                            263 	.globl _EP0BCH
                            264 	.globl _FNADDR
                            265 	.globl _MICROFRAME
                            266 	.globl _USBFRAMEL
                            267 	.globl _USBFRAMEH
                            268 	.globl _TOGCTL
                            269 	.globl _WAKEUPCS
                            270 	.globl _SUSPEND
                            271 	.globl _USBCS
                            272 	.globl _XAUTODAT2
                            273 	.globl _XAUTODAT1
                            274 	.globl _I2CTL
                            275 	.globl _I2DAT
                            276 	.globl _I2CS
                            277 	.globl _PORTECFG
                            278 	.globl _PORTCCFG
                            279 	.globl _PORTACFG
                            280 	.globl _INTSETUP
                            281 	.globl _INT4IVEC
                            282 	.globl _INT2IVEC
                            283 	.globl _CLRERRCNT
                            284 	.globl _ERRCNTLIM
                            285 	.globl _USBERRIRQ
                            286 	.globl _USBERRIE
                            287 	.globl _GPIFIRQ
                            288 	.globl _GPIFIE
                            289 	.globl _EPIRQ
                            290 	.globl _EPIE
                            291 	.globl _USBIRQ
                            292 	.globl _USBIE
                            293 	.globl _NAKIRQ
                            294 	.globl _NAKIE
                            295 	.globl _IBNIRQ
                            296 	.globl _IBNIE
                            297 	.globl _EP8FIFOIRQ
                            298 	.globl _EP8FIFOIE
                            299 	.globl _EP6FIFOIRQ
                            300 	.globl _EP6FIFOIE
                            301 	.globl _EP4FIFOIRQ
                            302 	.globl _EP4FIFOIE
                            303 	.globl _EP2FIFOIRQ
                            304 	.globl _EP2FIFOIE
                            305 	.globl _OUTPKTEND
                            306 	.globl _INPKTEND
                            307 	.globl _EP8ISOINPKTS
                            308 	.globl _EP6ISOINPKTS
                            309 	.globl _EP4ISOINPKTS
                            310 	.globl _EP2ISOINPKTS
                            311 	.globl _EP8FIFOPFL
                            312 	.globl _EP8FIFOPFH
                            313 	.globl _EP6FIFOPFL
                            314 	.globl _EP6FIFOPFH
                            315 	.globl _EP4FIFOPFL
                            316 	.globl _EP4FIFOPFH
                            317 	.globl _EP2FIFOPFL
                            318 	.globl _EP2FIFOPFH
                            319 	.globl _EP8AUTOINLENL
                            320 	.globl _EP8AUTOINLENH
                            321 	.globl _EP6AUTOINLENL
                            322 	.globl _EP6AUTOINLENH
                            323 	.globl _EP4AUTOINLENL
                            324 	.globl _EP4AUTOINLENH
                            325 	.globl _EP2AUTOINLENL
                            326 	.globl _EP2AUTOINLENH
                            327 	.globl _EP8FIFOCFG
                            328 	.globl _EP6FIFOCFG
                            329 	.globl _EP4FIFOCFG
                            330 	.globl _EP2FIFOCFG
                            331 	.globl _EP8CFG
                            332 	.globl _EP6CFG
                            333 	.globl _EP4CFG
                            334 	.globl _EP2CFG
                            335 	.globl _EP1INCFG
                            336 	.globl _EP1OUTCFG
                            337 	.globl _REVCTL
                            338 	.globl _REVID
                            339 	.globl _FIFOPINPOLAR
                            340 	.globl _UART230
                            341 	.globl _BPADDRL
                            342 	.globl _BPADDRH
                            343 	.globl _BREAKPT
                            344 	.globl _FIFORESET
                            345 	.globl _PINFLAGSCD
                            346 	.globl _PINFLAGSAB
                            347 	.globl _IFCONFIG
                            348 	.globl _CPUCS
                            349 	.globl _RES_WAVEDATA_END
                            350 	.globl _GPIF_WAVE_DATA
                            351 	.globl _readep0
                            352 	.globl _writeep0
                            353 ;--------------------------------------------------------
                            354 ; special function registers
                            355 ;--------------------------------------------------------
                            356 	.area RSEG    (DATA)
                    0080    357 _IOA	=	0x0080
                    0081    358 _SP	=	0x0081
                    0082    359 _DPL	=	0x0082
                    0083    360 _DPH	=	0x0083
                    0084    361 _DPL1	=	0x0084
                    0085    362 _DPH1	=	0x0085
                    0086    363 _DPS	=	0x0086
                    0087    364 _PCON	=	0x0087
                    0088    365 _TCON	=	0x0088
                    0089    366 _TMOD	=	0x0089
                    008A    367 _TL0	=	0x008a
                    008B    368 _TL1	=	0x008b
                    008C    369 _TH0	=	0x008c
                    008D    370 _TH1	=	0x008d
                    008E    371 _CKCON	=	0x008e
                    0090    372 _IOB	=	0x0090
                    0091    373 _EXIF	=	0x0091
                    0092    374 __XPAGE	=	0x0092
                    0098    375 _SCON0	=	0x0098
                    0099    376 _SBUF0	=	0x0099
                    009A    377 _AUTOPTRH1	=	0x009a
                    009B    378 _AUTOPTRL1	=	0x009b
                    009D    379 _AUTOPTRH2	=	0x009d
                    009E    380 _AUTOPTRL2	=	0x009e
                    00A0    381 _IOC	=	0x00a0
                    00A1    382 _INT2CLR	=	0x00a1
                    00A2    383 _INT4CLR	=	0x00a2
                    00A8    384 _IE	=	0x00a8
                    00AA    385 _EP2468STAT	=	0x00aa
                    00AB    386 _EP24FIFOFLGS	=	0x00ab
                    00AC    387 _EP68FIFOFLGS	=	0x00ac
                    00AF    388 _AUTOPTRSETUP	=	0x00af
                    00B0    389 _IOD	=	0x00b0
                    00B1    390 _IOE	=	0x00b1
                    00B2    391 _OEA	=	0x00b2
                    00B3    392 _OEB	=	0x00b3
                    00B4    393 _OEC	=	0x00b4
                    00B5    394 _OED	=	0x00b5
                    00B6    395 _OEE	=	0x00b6
                    00B8    396 _IP	=	0x00b8
                    00BA    397 _EP01STAT	=	0x00ba
                    00BB    398 _GPIFTRIG	=	0x00bb
                    00BD    399 _GPIFSGLDATH	=	0x00bd
                    00BE    400 _GPIFSGLDATLX	=	0x00be
                    00BF    401 _GPIFSGLDATLNOX	=	0x00bf
                    00C0    402 _SCON1	=	0x00c0
                    00C1    403 _SBUF1	=	0x00c1
                    00C8    404 _T2CON	=	0x00c8
                    00CA    405 _RCAP2L	=	0x00ca
                    00CB    406 _RCAP2H	=	0x00cb
                    00CC    407 _TL2	=	0x00cc
                    00CD    408 _TH2	=	0x00cd
                    00D0    409 _PSW	=	0x00d0
                    00D8    410 _EICON	=	0x00d8
                    00E0    411 _ACC	=	0x00e0
                    00E8    412 _EIE	=	0x00e8
                    00F0    413 _B	=	0x00f0
                    00F8    414 _EIP	=	0x00f8
                            415 ;--------------------------------------------------------
                            416 ; special function bits
                            417 ;--------------------------------------------------------
                            418 	.area RSEG    (DATA)
                    0080    419 _PA0	=	0x0080
                    0081    420 _PA1	=	0x0081
                    0082    421 _PA2	=	0x0082
                    0083    422 _PA3	=	0x0083
                    0084    423 _PA4	=	0x0084
                    0085    424 _PA5	=	0x0085
                    0086    425 _PA6	=	0x0086
                    0087    426 _PA7	=	0x0087
                    0088    427 _IT0	=	0x0088
                    0089    428 _IE0	=	0x0089
                    008A    429 _IT1	=	0x008a
                    008B    430 _IE1	=	0x008b
                    008C    431 _TR0	=	0x008c
                    008D    432 _TF0	=	0x008d
                    008E    433 _TR1	=	0x008e
                    008F    434 _TF1	=	0x008f
                    0090    435 _PB0	=	0x0090
                    0091    436 _PB1	=	0x0091
                    0092    437 _PB2	=	0x0092
                    0093    438 _PB3	=	0x0093
                    0094    439 _PB4	=	0x0094
                    0095    440 _PB5	=	0x0095
                    0096    441 _PB6	=	0x0096
                    0097    442 _PB7	=	0x0097
                    0098    443 _RI	=	0x0098
                    0099    444 _TI	=	0x0099
                    009A    445 _RB8	=	0x009a
                    009B    446 _TB8	=	0x009b
                    009C    447 _REN	=	0x009c
                    009D    448 _SM2	=	0x009d
                    009E    449 _SM1	=	0x009e
                    009F    450 _SM0	=	0x009f
                    00A0    451 _PC0	=	0x00a0
                    00A1    452 _PC1	=	0x00a1
                    00A2    453 _PC2	=	0x00a2
                    00A3    454 _PC3	=	0x00a3
                    00A4    455 _PC4	=	0x00a4
                    00A5    456 _PC5	=	0x00a5
                    00A6    457 _PC6	=	0x00a6
                    00A7    458 _PC7	=	0x00a7
                    00A8    459 _EX0	=	0x00a8
                    00A9    460 _ET0	=	0x00a9
                    00AA    461 _EX1	=	0x00aa
                    00AB    462 _ET1	=	0x00ab
                    00AC    463 _ES0	=	0x00ac
                    00AD    464 _ET2	=	0x00ad
                    00AE    465 _ES1	=	0x00ae
                    00AF    466 _EA	=	0x00af
                    00B0    467 _PD0	=	0x00b0
                    00B1    468 _PD1	=	0x00b1
                    00B2    469 _PD2	=	0x00b2
                    00B3    470 _PD3	=	0x00b3
                    00B4    471 _PD4	=	0x00b4
                    00B5    472 _PD5	=	0x00b5
                    00B6    473 _PD6	=	0x00b6
                    00B7    474 _PD7	=	0x00b7
                    00B8    475 _PX0	=	0x00b8
                    00B9    476 _PT0	=	0x00b9
                    00BA    477 _PX1	=	0x00ba
                    00BB    478 _PT1	=	0x00bb
                    00BC    479 _PS0	=	0x00bc
                    00BD    480 _PT2	=	0x00bd
                    00BE    481 _PS1	=	0x00be
                    00C0    482 _RI1	=	0x00c0
                    00C1    483 _TI1	=	0x00c1
                    00C2    484 _RB81	=	0x00c2
                    00C3    485 _TB81	=	0x00c3
                    00C4    486 _REN1	=	0x00c4
                    00C5    487 _SM21	=	0x00c5
                    00C6    488 _SM11	=	0x00c6
                    00C7    489 _SM01	=	0x00c7
                    00C8    490 _CP_RL2	=	0x00c8
                    00C9    491 _C_T2	=	0x00c9
                    00CA    492 _TR2	=	0x00ca
                    00CB    493 _EXEN2	=	0x00cb
                    00CC    494 _TCLK	=	0x00cc
                    00CD    495 _RCLK	=	0x00cd
                    00CE    496 _EXF2	=	0x00ce
                    00CF    497 _TF2	=	0x00cf
                    00D0    498 _P	=	0x00d0
                    00D1    499 _FL	=	0x00d1
                    00D2    500 _OV	=	0x00d2
                    00D3    501 _RS0	=	0x00d3
                    00D4    502 _RS1	=	0x00d4
                    00D5    503 _F0	=	0x00d5
                    00D6    504 _AC	=	0x00d6
                    00D7    505 _CY	=	0x00d7
                    00DB    506 _INT6	=	0x00db
                    00DC    507 _RESI	=	0x00dc
                    00DD    508 _ERESI	=	0x00dd
                    00DF    509 _SMOD1	=	0x00df
                    00E8    510 _EUSB	=	0x00e8
                    00E9    511 _EI2C	=	0x00e9
                    00EA    512 _EIEX4	=	0x00ea
                    00EB    513 _EIEX5	=	0x00eb
                    00EC    514 _EIEX6	=	0x00ec
                    00F8    515 _PUSB	=	0x00f8
                    00F9    516 _PI2C	=	0x00f9
                    00FA    517 _EIPX4	=	0x00fa
                    00FB    518 _EIPX5	=	0x00fb
                    00FC    519 _EIPX6	=	0x00fc
                            520 ;--------------------------------------------------------
                            521 ; overlayable register banks
                            522 ;--------------------------------------------------------
                            523 	.area REG_BANK_0	(REL,OVR,DATA)
   0000                     524 	.ds 8
                            525 ;--------------------------------------------------------
                            526 ; internal ram data
                            527 ;--------------------------------------------------------
                            528 	.area DSEG    (DATA)
                            529 ;--------------------------------------------------------
                            530 ; overlayable items in internal ram 
                            531 ;--------------------------------------------------------
                            532 	.area	OSEG    (OVR,DATA)
   0000                     533 _readep0_PARM_2::
   0000                     534 	.ds 2
   0002                     535 _readep0_dst_1_1::
   0002                     536 	.ds 3
                            537 	.area	OSEG    (OVR,DATA)
   0000                     538 _writeep0_PARM_2::
   0000                     539 	.ds 2
   0002                     540 _writeep0_src_1_1::
   0002                     541 	.ds 3
   0005                     542 _writeep0_c_1_1::
   0005                     543 	.ds 1
   0006                     544 _writeep0_sloc0_1_0::
   0006                     545 	.ds 2
                            546 ;--------------------------------------------------------
                            547 ; indirectly addressable internal ram data
                            548 ;--------------------------------------------------------
                            549 	.area ISEG    (DATA)
                            550 ;--------------------------------------------------------
                            551 ; absolute internal ram data
                            552 ;--------------------------------------------------------
                            553 	.area IABS    (ABS,DATA)
                            554 	.area IABS    (ABS,DATA)
                            555 ;--------------------------------------------------------
                            556 ; bit data
                            557 ;--------------------------------------------------------
                            558 	.area BSEG    (BIT)
                            559 ;--------------------------------------------------------
                            560 ; paged external ram data
                            561 ;--------------------------------------------------------
                            562 	.area PSEG    (PAG,XDATA)
                            563 ;--------------------------------------------------------
                            564 ; external ram data
                            565 ;--------------------------------------------------------
                            566 	.area XSEG    (XDATA)
                    E400    567 _GPIF_WAVE_DATA	=	0xe400
                    E480    568 _RES_WAVEDATA_END	=	0xe480
                    E600    569 _CPUCS	=	0xe600
                    E601    570 _IFCONFIG	=	0xe601
                    E602    571 _PINFLAGSAB	=	0xe602
                    E603    572 _PINFLAGSCD	=	0xe603
                    E604    573 _FIFORESET	=	0xe604
                    E605    574 _BREAKPT	=	0xe605
                    E606    575 _BPADDRH	=	0xe606
                    E607    576 _BPADDRL	=	0xe607
                    E608    577 _UART230	=	0xe608
                    E609    578 _FIFOPINPOLAR	=	0xe609
                    E60A    579 _REVID	=	0xe60a
                    E60B    580 _REVCTL	=	0xe60b
                    E610    581 _EP1OUTCFG	=	0xe610
                    E611    582 _EP1INCFG	=	0xe611
                    E612    583 _EP2CFG	=	0xe612
                    E613    584 _EP4CFG	=	0xe613
                    E614    585 _EP6CFG	=	0xe614
                    E615    586 _EP8CFG	=	0xe615
                    E618    587 _EP2FIFOCFG	=	0xe618
                    E619    588 _EP4FIFOCFG	=	0xe619
                    E61A    589 _EP6FIFOCFG	=	0xe61a
                    E61B    590 _EP8FIFOCFG	=	0xe61b
                    E620    591 _EP2AUTOINLENH	=	0xe620
                    E621    592 _EP2AUTOINLENL	=	0xe621
                    E622    593 _EP4AUTOINLENH	=	0xe622
                    E623    594 _EP4AUTOINLENL	=	0xe623
                    E624    595 _EP6AUTOINLENH	=	0xe624
                    E625    596 _EP6AUTOINLENL	=	0xe625
                    E626    597 _EP8AUTOINLENH	=	0xe626
                    E627    598 _EP8AUTOINLENL	=	0xe627
                    E630    599 _EP2FIFOPFH	=	0xe630
                    E631    600 _EP2FIFOPFL	=	0xe631
                    E632    601 _EP4FIFOPFH	=	0xe632
                    E633    602 _EP4FIFOPFL	=	0xe633
                    E634    603 _EP6FIFOPFH	=	0xe634
                    E635    604 _EP6FIFOPFL	=	0xe635
                    E636    605 _EP8FIFOPFH	=	0xe636
                    E637    606 _EP8FIFOPFL	=	0xe637
                    E640    607 _EP2ISOINPKTS	=	0xe640
                    E641    608 _EP4ISOINPKTS	=	0xe641
                    E642    609 _EP6ISOINPKTS	=	0xe642
                    E643    610 _EP8ISOINPKTS	=	0xe643
                    E648    611 _INPKTEND	=	0xe648
                    E649    612 _OUTPKTEND	=	0xe649
                    E650    613 _EP2FIFOIE	=	0xe650
                    E651    614 _EP2FIFOIRQ	=	0xe651
                    E652    615 _EP4FIFOIE	=	0xe652
                    E653    616 _EP4FIFOIRQ	=	0xe653
                    E654    617 _EP6FIFOIE	=	0xe654
                    E655    618 _EP6FIFOIRQ	=	0xe655
                    E656    619 _EP8FIFOIE	=	0xe656
                    E657    620 _EP8FIFOIRQ	=	0xe657
                    E658    621 _IBNIE	=	0xe658
                    E659    622 _IBNIRQ	=	0xe659
                    E65A    623 _NAKIE	=	0xe65a
                    E65B    624 _NAKIRQ	=	0xe65b
                    E65C    625 _USBIE	=	0xe65c
                    E65D    626 _USBIRQ	=	0xe65d
                    E65E    627 _EPIE	=	0xe65e
                    E65F    628 _EPIRQ	=	0xe65f
                    E660    629 _GPIFIE	=	0xe660
                    E661    630 _GPIFIRQ	=	0xe661
                    E662    631 _USBERRIE	=	0xe662
                    E663    632 _USBERRIRQ	=	0xe663
                    E664    633 _ERRCNTLIM	=	0xe664
                    E665    634 _CLRERRCNT	=	0xe665
                    E666    635 _INT2IVEC	=	0xe666
                    E667    636 _INT4IVEC	=	0xe667
                    E668    637 _INTSETUP	=	0xe668
                    E670    638 _PORTACFG	=	0xe670
                    E671    639 _PORTCCFG	=	0xe671
                    E672    640 _PORTECFG	=	0xe672
                    E678    641 _I2CS	=	0xe678
                    E679    642 _I2DAT	=	0xe679
                    E67A    643 _I2CTL	=	0xe67a
                    E67B    644 _XAUTODAT1	=	0xe67b
                    E67C    645 _XAUTODAT2	=	0xe67c
                    E680    646 _USBCS	=	0xe680
                    E681    647 _SUSPEND	=	0xe681
                    E682    648 _WAKEUPCS	=	0xe682
                    E683    649 _TOGCTL	=	0xe683
                    E684    650 _USBFRAMEH	=	0xe684
                    E685    651 _USBFRAMEL	=	0xe685
                    E686    652 _MICROFRAME	=	0xe686
                    E687    653 _FNADDR	=	0xe687
                    E68A    654 _EP0BCH	=	0xe68a
                    E68B    655 _EP0BCL	=	0xe68b
                    E68D    656 _EP1OUTBC	=	0xe68d
                    E68F    657 _EP1INBC	=	0xe68f
                    E690    658 _EP2BCH	=	0xe690
                    E691    659 _EP2BCL	=	0xe691
                    E694    660 _EP4BCH	=	0xe694
                    E695    661 _EP4BCL	=	0xe695
                    E698    662 _EP6BCH	=	0xe698
                    E699    663 _EP6BCL	=	0xe699
                    E69C    664 _EP8BCH	=	0xe69c
                    E69D    665 _EP8BCL	=	0xe69d
                    E6A0    666 _EP0CS	=	0xe6a0
                    E6A1    667 _EP1OUTCS	=	0xe6a1
                    E6A2    668 _EP1INCS	=	0xe6a2
                    E6A3    669 _EP2CS	=	0xe6a3
                    E6A4    670 _EP4CS	=	0xe6a4
                    E6A5    671 _EP6CS	=	0xe6a5
                    E6A6    672 _EP8CS	=	0xe6a6
                    E6A7    673 _EP2FIFOFLGS	=	0xe6a7
                    E6A8    674 _EP4FIFOFLGS	=	0xe6a8
                    E6A9    675 _EP6FIFOFLGS	=	0xe6a9
                    E6AA    676 _EP8FIFOFLGS	=	0xe6aa
                    E6AB    677 _EP2FIFOBCH	=	0xe6ab
                    E6AC    678 _EP2FIFOBCL	=	0xe6ac
                    E6AD    679 _EP4FIFOBCH	=	0xe6ad
                    E6AE    680 _EP4FIFOBCL	=	0xe6ae
                    E6AF    681 _EP6FIFOBCH	=	0xe6af
                    E6B0    682 _EP6FIFOBCL	=	0xe6b0
                    E6B1    683 _EP8FIFOBCH	=	0xe6b1
                    E6B2    684 _EP8FIFOBCL	=	0xe6b2
                    E6B3    685 _SUDPTRH	=	0xe6b3
                    E6B4    686 _SUDPTRL	=	0xe6b4
                    E6B5    687 _SUDPTRCTL	=	0xe6b5
                    E6B8    688 _SETUPDAT	=	0xe6b8
                    E6C0    689 _GPIFWFSELECT	=	0xe6c0
                    E6C1    690 _GPIFIDLECS	=	0xe6c1
                    E6C2    691 _GPIFIDLECTL	=	0xe6c2
                    E6C3    692 _GPIFCTLCFG	=	0xe6c3
                    E6C4    693 _GPIFADRH	=	0xe6c4
                    E6C5    694 _GPIFADRL	=	0xe6c5
                    E6CE    695 _GPIFTCB3	=	0xe6ce
                    E6CF    696 _GPIFTCB2	=	0xe6cf
                    E6D0    697 _GPIFTCB1	=	0xe6d0
                    E6D1    698 _GPIFTCB0	=	0xe6d1
                    E6D2    699 _EP2GPIFFLGSEL	=	0xe6d2
                    E6D3    700 _EP2GPIFPFSTOP	=	0xe6d3
                    E6D4    701 _EP2GPIFTRIG	=	0xe6d4
                    E6DA    702 _EP4GPIFFLGSEL	=	0xe6da
                    E6DB    703 _EP4GPIFPFSTOP	=	0xe6db
                    E6DC    704 _EP4GPIFTRIG	=	0xe6dc
                    E6E2    705 _EP6GPIFFLGSEL	=	0xe6e2
                    E6E3    706 _EP6GPIFPFSTOP	=	0xe6e3
                    E6E4    707 _EP6GPIFTRIG	=	0xe6e4
                    E6EA    708 _EP8GPIFFLGSEL	=	0xe6ea
                    E6EB    709 _EP8GPIFPFSTOP	=	0xe6eb
                    E6EC    710 _EP8GPIFTRIG	=	0xe6ec
                    E6F0    711 _XGPIFSGLDATH	=	0xe6f0
                    E6F1    712 _XGPIFSGLDATLX	=	0xe6f1
                    E6F2    713 _XGPIFSGLDATLNOX	=	0xe6f2
                    E6F3    714 _GPIFREADYCFG	=	0xe6f3
                    E6F4    715 _GPIFREADYSTAT	=	0xe6f4
                    E6F5    716 _GPIFABORT	=	0xe6f5
                    E6C6    717 _FLOWSTATE	=	0xe6c6
                    E6C7    718 _FLOWLOGIC	=	0xe6c7
                    E6C8    719 _FLOWEQ0CTL	=	0xe6c8
                    E6C9    720 _FLOWEQ1CTL	=	0xe6c9
                    E6CA    721 _FLOWHOLDOFF	=	0xe6ca
                    E6CB    722 _FLOWSTB	=	0xe6cb
                    E6CC    723 _FLOWSTBEDGE	=	0xe6cc
                    E6CD    724 _FLOWSTBHPERIOD	=	0xe6cd
                    E60C    725 _GPIFHOLDAMOUNT	=	0xe60c
                    E67D    726 _UDMACRCH	=	0xe67d
                    E67E    727 _UDMACRCL	=	0xe67e
                    E67F    728 _UDMACRCQUAL	=	0xe67f
                    E740    729 _EP0BUF	=	0xe740
                    E780    730 _EP1OUTBUF	=	0xe780
                    E7C0    731 _EP1INBUF	=	0xe7c0
                    F000    732 _EP2FIFOBUF	=	0xf000
                    F400    733 _EP4FIFOBUF	=	0xf400
                    F800    734 _EP6FIFOBUF	=	0xf800
                    FC00    735 _EP8FIFOBUF	=	0xfc00
                    E628    736 _ECCCFG	=	0xe628
                    E629    737 _ECCRESET	=	0xe629
                    E62A    738 _ECC1B0	=	0xe62a
                    E62B    739 _ECC1B1	=	0xe62b
                    E62C    740 _ECC1B2	=	0xe62c
                    E62D    741 _ECC2B0	=	0xe62d
                    E62E    742 _ECC2B1	=	0xe62e
                    E62F    743 _ECC2B2	=	0xe62f
                    E50D    744 _GPCR2	=	0xe50d
                            745 ;--------------------------------------------------------
                            746 ; absolute external ram data
                            747 ;--------------------------------------------------------
                            748 	.area XABS    (ABS,XDATA)
                            749 ;--------------------------------------------------------
                            750 ; external initialized ram data
                            751 ;--------------------------------------------------------
                            752 	.area XISEG   (XDATA)
                            753 	.area HOME    (CODE)
                            754 	.area GSINIT0 (CODE)
                            755 	.area GSINIT1 (CODE)
                            756 	.area GSINIT2 (CODE)
                            757 	.area GSINIT3 (CODE)
                            758 	.area GSINIT4 (CODE)
                            759 	.area GSINIT5 (CODE)
                            760 	.area GSINIT  (CODE)
                            761 	.area GSFINAL (CODE)
                            762 	.area CSEG    (CODE)
                            763 ;--------------------------------------------------------
                            764 ; global & static initialisations
                            765 ;--------------------------------------------------------
                            766 	.area HOME    (CODE)
                            767 	.area GSINIT  (CODE)
                            768 	.area GSFINAL (CODE)
                            769 	.area GSINIT  (CODE)
                            770 ;--------------------------------------------------------
                            771 ; Home
                            772 ;--------------------------------------------------------
                            773 	.area HOME    (CODE)
                            774 	.area HOME    (CODE)
                            775 ;--------------------------------------------------------
                            776 ; code
                            777 ;--------------------------------------------------------
                            778 	.area CSEG    (CODE)
                            779 ;------------------------------------------------------------
                            780 ;Allocation info for local variables in function 'readep0'
                            781 ;------------------------------------------------------------
                            782 ;len                       Allocated with name '_readep0_PARM_2'
                            783 ;dst                       Allocated with name '_readep0_dst_1_1'
                            784 ;read                      Allocated to registers r5 r6 
                            785 ;c                         Allocated to registers r0 
                            786 ;avail                     Allocated to registers r7 
                            787 ;------------------------------------------------------------
                            788 ;	eputils.c:32: void readep0( BYTE* dst, WORD len) {
                            789 ;	-----------------------------------------
                            790 ;	 function readep0
                            791 ;	-----------------------------------------
   0000                     792 _readep0:
                    0002    793 	ar2 = 0x02
                    0003    794 	ar3 = 0x03
                    0004    795 	ar4 = 0x04
                    0005    796 	ar5 = 0x05
                    0006    797 	ar6 = 0x06
                    0007    798 	ar7 = 0x07
                    0000    799 	ar0 = 0x00
                    0001    800 	ar1 = 0x01
   0000 85 82*02            801 	mov	_readep0_dst_1_1,dpl
   0003 85 83*03            802 	mov	(_readep0_dst_1_1 + 1),dph
   0006 85 F0*04            803 	mov	(_readep0_dst_1_1 + 2),b
                            804 ;	eputils.c:33: WORD read = 0; // n bytes read
   0009 7D 00               805 	mov	r5,#0x00
   000B 7E 00               806 	mov	r6,#0x00
                            807 ;	eputils.c:35: while (read < len) {
   000D                     808 00104$:
   000D C3                  809 	clr	c
   000E ED                  810 	mov	a,r5
   000F 95*00               811 	subb	a,_readep0_PARM_2
   0011 EE                  812 	mov	a,r6
   0012 95*01               813 	subb	a,(_readep0_PARM_2 + 1)
   0014 50 53               814 	jnc	00111$
                            815 ;	eputils.c:36: EP0BCH = 0;
   0016 90 E6 8A            816 	mov	dptr,#_EP0BCH
                            817 ;	eputils.c:38: EP0BCL = 0; // re-arm ep so host can send more
   0019 E4                  818 	clr	a
   001A F0                  819 	movx	@dptr,a
   001B 90 E6 8B            820 	mov	dptr,#_EP0BCL
   001E F0                  821 	movx	@dptr,a
                            822 ;	eputils.c:39: while (EP0CS & bmEPBUSY);
   001F                     823 00101$:
   001F 90 E6 A0            824 	mov	dptr,#_EP0CS
   0022 E0                  825 	movx	a,@dptr
   0023 FF                  826 	mov	r7,a
   0024 20 E1 F8            827 	jb	acc.1,00101$
                            828 ;	eputils.c:40: avail = EP0BCL; // max size fits in one byte (64 bytes)
   0027 90 E6 8B            829 	mov	dptr,#_EP0BCL
   002A E0                  830 	movx	a,@dptr
   002B FF                  831 	mov	r7,a
                            832 ;	eputils.c:41: for (c=0;c<avail;++c)
   002C 78 00               833 	mov	r0,#0x00
   002E                     834 00107$:
   002E C3                  835 	clr	c
   002F E8                  836 	mov	a,r0
   0030 9F                  837 	subb	a,r7
   0031 50 2C               838 	jnc	00110$
                            839 ;	eputils.c:42: dst[read+c] = EP0BUF[c];
   0033 88 01               840 	mov	ar1,r0
   0035 7A 00               841 	mov	r2,#0x00
   0037 E9                  842 	mov	a,r1
   0038 2D                  843 	add	a,r5
   0039 F9                  844 	mov	r1,a
   003A EA                  845 	mov	a,r2
   003B 3E                  846 	addc	a,r6
   003C FA                  847 	mov	r2,a
   003D E9                  848 	mov	a,r1
   003E 25*02               849 	add	a,_readep0_dst_1_1
   0040 F9                  850 	mov	r1,a
   0041 EA                  851 	mov	a,r2
   0042 35*03               852 	addc	a,(_readep0_dst_1_1 + 1)
   0044 FA                  853 	mov	r2,a
   0045 AB*04               854 	mov	r3,(_readep0_dst_1_1 + 2)
   0047 E8                  855 	mov	a,r0
   0048 24 40               856 	add	a,#_EP0BUF
   004A F5 82               857 	mov	dpl,a
   004C E4                  858 	clr	a
   004D 34 E7               859 	addc	a,#(_EP0BUF >> 8)
   004F F5 83               860 	mov	dph,a
   0051 E0                  861 	movx	a,@dptr
   0052 FC                  862 	mov	r4,a
   0053 89 82               863 	mov	dpl,r1
   0055 8A 83               864 	mov	dph,r2
   0057 8B F0               865 	mov	b,r3
   0059 12s00r00            866 	lcall	__gptrput
                            867 ;	eputils.c:41: for (c=0;c<avail;++c)
   005C 08                  868 	inc	r0
   005D 80 CF               869 	sjmp	00107$
   005F                     870 00110$:
                            871 ;	eputils.c:43: read += avail;
   005F 7A 00               872 	mov	r2,#0x00
   0061 EF                  873 	mov	a,r7
   0062 2D                  874 	add	a,r5
   0063 FD                  875 	mov	r5,a
   0064 EA                  876 	mov	a,r2
   0065 3E                  877 	addc	a,r6
   0066 FE                  878 	mov	r6,a
   0067 80 A4               879 	sjmp	00104$
   0069                     880 00111$:
   0069 22                  881 	ret
                            882 ;------------------------------------------------------------
                            883 ;Allocation info for local variables in function 'writeep0'
                            884 ;------------------------------------------------------------
                            885 ;len                       Allocated with name '_writeep0_PARM_2'
                            886 ;src                       Allocated with name '_writeep0_src_1_1'
                            887 ;written                   Allocated to registers r5 r6 
                            888 ;c                         Allocated with name '_writeep0_c_1_1'
                            889 ;sloc0                     Allocated with name '_writeep0_sloc0_1_0'
                            890 ;------------------------------------------------------------
                            891 ;	eputils.c:48: void writeep0( BYTE* src, WORD len) {
                            892 ;	-----------------------------------------
                            893 ;	 function writeep0
                            894 ;	-----------------------------------------
   006A                     895 _writeep0:
   006A 85 82*02            896 	mov	_writeep0_src_1_1,dpl
   006D 85 83*03            897 	mov	(_writeep0_src_1_1 + 1),dph
   0070 85 F0*04            898 	mov	(_writeep0_src_1_1 + 2),b
                            899 ;	eputils.c:49: WORD written = 0;
   0073 7D 00               900 	mov	r5,#0x00
   0075 7E 00               901 	mov	r6,#0x00
                            902 ;	eputils.c:51: while ( written < len ) {
   0077                     903 00104$:
   0077 C3                  904 	clr	c
   0078 ED                  905 	mov	a,r5
   0079 95*00               906 	subb	a,_writeep0_PARM_2
   007B EE                  907 	mov	a,r6
   007C 95*01               908 	subb	a,(_writeep0_PARM_2 + 1)
   007E 50 65               909 	jnc	00112$
                            910 ;	eputils.c:52: while ( EP0CS & bmEPBUSY ); // wait
   0080                     911 00101$:
   0080 90 E6 A0            912 	mov	dptr,#_EP0CS
   0083 E0                  913 	movx	a,@dptr
   0084 FF                  914 	mov	r7,a
   0085 20 E1 F8            915 	jb	acc.1,00101$
                            916 ;	eputils.c:53: for (c=0;c<64 && written<len;++c ) {
   0088 8D 07               917 	mov	ar7,r5
   008A 8E 00               918 	mov	ar0,r6
   008C 75*05 00            919 	mov	_writeep0_c_1_1,#0x00
   008F                     920 00108$:
   008F 74 C0               921 	mov	a,#0x100 - 0x40
   0091 25*05               922 	add	a,_writeep0_c_1_1
   0093 40 3F               923 	jc	00120$
   0095 EF                  924 	mov	a,r7
   0096 95*00               925 	subb	a,_writeep0_PARM_2
   0098 E8                  926 	mov	a,r0
   0099 95*01               927 	subb	a,(_writeep0_PARM_2 + 1)
   009B 50 37               928 	jnc	00120$
                            929 ;	eputils.c:54: EP0BUF[c] = src[written++];
   009D E5*05               930 	mov	a,_writeep0_c_1_1
   009F 24 40               931 	add	a,#_EP0BUF
   00A1 F5*06               932 	mov	_writeep0_sloc0_1_0,a
   00A3 E4                  933 	clr	a
   00A4 34 E7               934 	addc	a,#(_EP0BUF >> 8)
   00A6 F5*07               935 	mov	(_writeep0_sloc0_1_0 + 1),a
   00A8 8F 04               936 	mov	ar4,r7
   00AA 88 01               937 	mov	ar1,r0
   00AC 0F                  938 	inc	r7
   00AD BF 00 01            939 	cjne	r7,#0x00,00125$
   00B0 08                  940 	inc	r0
   00B1                     941 00125$:
   00B1 8F 05               942 	mov	ar5,r7
   00B3 88 06               943 	mov	ar6,r0
   00B5 EC                  944 	mov	a,r4
   00B6 25*02               945 	add	a,_writeep0_src_1_1
   00B8 FC                  946 	mov	r4,a
   00B9 E9                  947 	mov	a,r1
   00BA 35*03               948 	addc	a,(_writeep0_src_1_1 + 1)
   00BC F9                  949 	mov	r1,a
   00BD AA*04               950 	mov	r2,(_writeep0_src_1_1 + 2)
   00BF 8C 82               951 	mov	dpl,r4
   00C1 89 83               952 	mov	dph,r1
   00C3 8A F0               953 	mov	b,r2
   00C5 12s00r00            954 	lcall	__gptrget
   00C8 FC                  955 	mov	r4,a
   00C9 85*06 82            956 	mov	dpl,_writeep0_sloc0_1_0
   00CC 85*07 83            957 	mov	dph,(_writeep0_sloc0_1_0 + 1)
   00CF F0                  958 	movx	@dptr,a
                            959 ;	eputils.c:53: for (c=0;c<64 && written<len;++c ) {
   00D0 05*05               960 	inc	_writeep0_c_1_1
   00D2 80 BB               961 	sjmp	00108$
   00D4                     962 00120$:
   00D4 8F 05               963 	mov	ar5,r7
   00D6 88 06               964 	mov	ar6,r0
                            965 ;	eputils.c:56: EP0BCH = 0;
   00D8 90 E6 8A            966 	mov	dptr,#_EP0BCH
   00DB E4                  967 	clr	a
   00DC F0                  968 	movx	@dptr,a
                            969 ;	eputils.c:57: EP0BCL= c;
   00DD 90 E6 8B            970 	mov	dptr,#_EP0BCL
   00E0 E5*05               971 	mov	a,_writeep0_c_1_1
   00E2 F0                  972 	movx	@dptr,a
   00E3 80 92               973 	sjmp	00104$
   00E5                     974 00112$:
   00E5 22                  975 	ret
                            976 	.area CSEG    (CODE)
                            977 	.area CONST   (CODE)
                            978 	.area XINIT   (CODE)
                            979 	.area CABS    (ABS,CODE)
