ASxxxx Assembler V01.70 + NoICE + SDCC mods + Flat24 Feb-1999  (Intel 8051), page 1.



                              1 ; Copyright (C) 2010 Ubixum, Inc. 
                              2 ;
                              3 ; This library is free software; you can redistribute it and/or
                              4 ; modify it under the terms of the GNU Lesser General Public
                              5 ; License as published by the Free Software Foundation; either
                              6 ; version 2.1 of the License, or (at your option) any later version.
                              7 ; 
                              8 ; This library is distributed in the hope that it will be useful,
                              9 ; but WITHOUT ANY WARRANTY; without even the implied warranty of
                             10 ; MERCHANTABILITY or FITNESS FOR A PARTICULAR PURPOSE.  See the GNU
                             11 ; Lesser General Public License for more details.
                             12 ; 
                             13 ; You should have received a copy of the GNU Lesser General Public
                             14 ; License along with this library; if not, write to the Free Software
                             15 ; Foundation, Inc., 51 Franklin Street, Fifth Floor, Boston, MA  02110-1301  USA
                             16 
                             17 .module INT4AV ; jump table for int4AV (GPIF & endpoint interrupts)
                             18 
                             19 .globl _INT4JT
                             20 
                             21 .area INT4AV (ABS,OVR)
   0053                      22 .org    0x53 ; where INT4 jumps to 
                    0055     23 _INT4AV = #. + 2
   0053 02 00 00             24     ljmp _INT2JT ; the addr gets replaced so this really goes to int4jt locations
                             25 
                             26 
                             27 .area INT4JT ( CODE )
   0000                      28 _INT4JT: ; doesn't do anything but forces this module to be linked in if gpif macro used.
